
**** Build of configuration Linuxlib_AM1808 for project c_com ****

make all 
Building file: ../source/c_bt.c
Invoking: GCC C Compiler
~/CodeSourcery/Sourcery_G++_Lite/bin/arm-none-linux-gnueabi-gcc -DPCASM -I"/home/al/projects/lms2012/lms2012/source" -I"/home/al/am1808/DaVinci-PSP-SDK-03.20.00.13/linux-devkit/arm-none-linux-gnueabi/usr/include/dbus-1.0" -I"/home/al/am1808/DaVinci-PSP-SDK-03.20.00.13/linux-devkit/arm-none-linux-gnueabi/usr/lib/dbus-1.0/include" -I"/home/al/am1808/DaVinci-PSP-SDK-03.20.00.13/linux-devkit/arm-none-linux-gnueabi/usr/include" -I"/home/al/projects/lms2012/c_input/source" -O0 -Wall -c -fmessage-length=0 -fPIC -MMD -MP -MF"source/c_bt.d" -MT"source/c_bt.d" -o"source/c_bt.o" "../source/c_bt.c"
Finished building: ../source/c_bt.c
 
Building file: ../source/c_com.c
Invoking: GCC C Compiler
~/CodeSourcery/Sourcery_G++_Lite/bin/arm-none-linux-gnueabi-gcc -DPCASM -I"/home/al/projects/lms2012/lms2012/source" -I"/home/al/am1808/DaVinci-PSP-SDK-03.20.00.13/linux-devkit/arm-none-linux-gnueabi/usr/include" -I"/home/al/projects/lms2012/c_input/source" -I"/home/al/projects/lms2012/c_output/source" -I"/home/al/projects/lms2012/c_memory/source" -O0 -Wall -c -fmessage-length=0 -fPIC -MMD -MP -MF"source/c_com.d" -MT"source/c_com.d" -o"source/c_com.o" "../source/c_com.c"
Finished building: ../source/c_com.c
 
Building file: ../source/c_daisy.c
Invoking: GCC C Compiler
~/CodeSourcery/Sourcery_G++_Lite/bin/arm-none-linux-gnueabi-gcc -DPCASM -I"/home/al/projects/lms2012/lms2012/source" -I"/home/al/projects/lms2012/c_memory/source" -I"/home/al/projects/lms2012/c_input/source" -I"/home/al/projects/lms2012/c_output/source" -O0 -Wall -c -fmessage-length=0 -fPIC -MMD -MP -MF"source/c_daisy.d" -MT"source/c_daisy.d" -o"source/c_daisy.o" "../source/c_daisy.c"
Finished building: ../source/c_daisy.c
 
Building file: ../source/c_i2c.c
Invoking: GCC C Compiler
~/CodeSourcery/Sourcery_G++_Lite/bin/arm-none-linux-gnueabi-gcc -DPCASM -I"/home/al/projects/lms2012/lms2012/source" -I"/home/al/projects/lms2012/c_input/source" -I/c_com/source -I"/home/al/am1808/DaVinci-PSP-SDK-03.20.00.13/linux-devkit/arm-none-linux-gnueabi/usr/include/dbus-1.0" -I"/home/al/am1808/DaVinci-PSP-SDK-03.20.00.13/linux-devkit/arm-none-linux-gnueabi/usr/lib/dbus-1.0/include" -I"/home/al/am1808/DaVinci-PSP-SDK-03.20.00.13/linux-devkit/arm-none-linux-gnueabi/usr/include" -O0 -Wall -c -fmessage-length=0 -fPIC -MMD -MP -MF"source/c_i2c.d" -MT"source/c_i2c.d" -o"source/c_i2c.o" "../source/c_i2c.c"
Finished building: ../source/c_i2c.c
 
Building file: ../source/c_md5.c
Invoking: GCC C Compiler
~/CodeSourcery/Sourcery_G++_Lite/bin/arm-none-linux-gnueabi-gcc -DPCASM -I"/home/al/projects/lms2012/lms2012/source" -I"/home/al/projects/lms2012/c_memory/source" -I"/home/al/projects/lms2012/c_input/source" -I"/home/al/projects/lms2012/c_output/source" -O0 -Wall -c -fmessage-length=0 -fPIC -MMD -MP -MF"source/c_md5.d" -MT"source/c_md5.d" -o"source/c_md5.o" "../source/c_md5.c"
Finished building: ../source/c_md5.c
 
Building file: ../source/c_wifi.c
Invoking: GCC C Compiler
~/CodeSourcery/Sourcery_G++_Lite/bin/arm-none-linux-gnueabi-gcc -DPCASM -I"/home/al/projects/lms2012/lms2012/source" -I"/home/al/projects/lms2012/c_memory/source" -I"/home/al/projects/lms2012/c_input/source" -I"/home/al/projects/lms2012/c_output/source" -O0 -Wall -c -fmessage-length=0 -fPIC -MMD -MP -MF"source/c_wifi.d" -MT"source/c_wifi.d" -o"source/c_wifi.o" "../source/c_wifi.c"
Finished building: ../source/c_wifi.c
 
Building file: ../source/os_internal.c
Invoking: GCC C Compiler
~/CodeSourcery/Sourcery_G++_Lite/bin/arm-none-linux-gnueabi-gcc -DPCASM -I"/home/al/projects/lms2012/lms2012/source" -I"/home/al/projects/lms2012/c_memory/source" -I"/home/al/projects/lms2012/c_input/source" -I"/home/al/projects/lms2012/c_output/source" -O0 -Wall -c -fmessage-length=0 -fPIC -MMD -MP -MF"source/os_internal.d" -MT"source/os_internal.d" -o"source/os_internal.o" "../source/os_internal.c"
Finished building: ../source/os_internal.c
 
Building file: ../source/os_unix.c
Invoking: GCC C Compiler
~/CodeSourcery/Sourcery_G++_Lite/bin/arm-none-linux-gnueabi-gcc -DPCASM -I"/home/al/projects/lms2012/lms2012/source" -I"/home/al/projects/lms2012/c_memory/source" -I"/home/al/projects/lms2012/c_input/source" -I"/home/al/projects/lms2012/c_output/source" -O0 -Wall -c -fmessage-length=0 -fPIC -MMD -MP -MF"source/os_unix.d" -MT"source/os_unix.d" -o"source/os_unix.o" "../source/os_unix.c"
Finished building: ../source/os_unix.c
 
Building file: ../source/wpa_ctrl.c
Invoking: GCC C Compiler
~/CodeSourcery/Sourcery_G++_Lite/bin/arm-none-linux-gnueabi-gcc -DPCASM -I"/home/al/projects/lms2012/lms2012/source" -I"/home/al/projects/lms2012/c_memory/source" -I"/home/al/projects/lms2012/c_input/source" -I"/home/al/projects/lms2012/c_output/source" -O0 -Wall -c -fmessage-length=0 -fPIC -MMD -MP -MF"source/wpa_ctrl.d" -MT"source/wpa_ctrl.d" -o"source/wpa_ctrl.o" "../source/wpa_ctrl.c"
Finished building: ../source/wpa_ctrl.c
 
Building target: libc_com.so
Invoking: GCC C Linker
~/CodeSourcery/Sourcery_G++_Lite/bin/arm-none-linux-gnueabi-gcc -shared -o"libc_com.so"  ./source/c_bt.o ./source/c_com.o ./source/c_daisy.o ./source/c_i2c.o ./source/c_md5.o ./source/c_wifi.o ./source/os_internal.o ./source/os_unix.o ./source/wpa_ctrl.o   
Finished building target: libc_com.so
 
make --no-print-directory post-build
cp /home/al/projects/lms2012/c_com/Linuxlib_AM1808/libc_com.so /home/al/projects/lms2012/lms2012/Linux_AM1808/sys/lib/libc_com.so; rm -r /home/al/projects/lms2012/c_com/Linuxlib_AM1808
 
