
**** Build of configuration Linux_AM1808 for project lms2012 ****

make all 
Building file: ../source/c_branch.c
Invoking: GCC C Compiler
~/CodeSourcery/Sourcery_G++_Lite/bin/arm-none-linux-gnueabi-gcc -I"/home/al/projects/lms2012/lms2012/source" -I"/home/al/am1808/DaVinci-PSP-SDK-03.20.00.13/linux-devkit/arm-none-linux-gnueabi/usr/include" -I"/home/al/projects/lms2012/c_input/source" -I"/home/al/projects/lms2012/c_output/source" -I"/home/al/projects/lms2012/c_memory/source" -I"/home/al/projects/lms2012/c_ui/source" -I"/home/al/projects/lms2012/c_com/source" -I"/home/al/projects/lms2012/c_sound/source" -O0 -Wall -c -fmessage-length=0 -MMD -MP -MF"source/c_branch.d" -MT"source/c_branch.d" -o"source/c_branch.o" "../source/c_branch.c"
Finished building: ../source/c_branch.c
 
Building file: ../source/c_compare.c
Invoking: GCC C Compiler
~/CodeSourcery/Sourcery_G++_Lite/bin/arm-none-linux-gnueabi-gcc -I"/home/al/projects/lms2012/lms2012/source" -I"/home/al/am1808/DaVinci-PSP-SDK-03.20.00.13/linux-devkit/arm-none-linux-gnueabi/usr/include" -I"/home/al/projects/lms2012/c_input/source" -I"/home/al/projects/lms2012/c_output/source" -I"/home/al/projects/lms2012/c_memory/source" -I"/home/al/projects/lms2012/c_ui/source" -I"/home/al/projects/lms2012/c_com/source" -I"/home/al/projects/lms2012/c_sound/source" -O0 -Wall -c -fmessage-length=0 -MMD -MP -MF"source/c_compare.d" -MT"source/c_compare.d" -o"source/c_compare.o" "../source/c_compare.c"
Finished building: ../source/c_compare.c
 
Building file: ../source/c_math.c
Invoking: GCC C Compiler
~/CodeSourcery/Sourcery_G++_Lite/bin/arm-none-linux-gnueabi-gcc -I"/home/al/projects/lms2012/lms2012/source" -I"/home/al/am1808/DaVinci-PSP-SDK-03.20.00.13/linux-devkit/arm-none-linux-gnueabi/usr/include" -I"/home/al/projects/lms2012/c_input/source" -I"/home/al/projects/lms2012/c_output/source" -I"/home/al/projects/lms2012/c_memory/source" -I"/home/al/projects/lms2012/c_ui/source" -I"/home/al/projects/lms2012/c_com/source" -I"/home/al/projects/lms2012/c_sound/source" -O0 -Wall -c -fmessage-length=0 -MMD -MP -MF"source/c_math.d" -MT"source/c_math.d" -o"source/c_math.o" "../source/c_math.c"
Finished building: ../source/c_math.c
 
Building file: ../source/c_move.c
Invoking: GCC C Compiler
~/CodeSourcery/Sourcery_G++_Lite/bin/arm-none-linux-gnueabi-gcc -I"/home/al/projects/lms2012/lms2012/source" -I"/home/al/am1808/DaVinci-PSP-SDK-03.20.00.13/linux-devkit/arm-none-linux-gnueabi/usr/include" -I"/home/al/projects/lms2012/c_input/source" -I"/home/al/projects/lms2012/c_output/source" -I"/home/al/projects/lms2012/c_memory/source" -I"/home/al/projects/lms2012/c_ui/source" -I"/home/al/projects/lms2012/c_com/source" -I"/home/al/projects/lms2012/c_sound/source" -O0 -Wall -c -fmessage-length=0 -MMD -MP -MF"source/c_move.d" -MT"source/c_move.d" -o"source/c_move.o" "../source/c_move.c"
Finished building: ../source/c_move.c
 
Building file: ../source/c_timer.c
Invoking: GCC C Compiler
~/CodeSourcery/Sourcery_G++_Lite/bin/arm-none-linux-gnueabi-gcc -I"/home/al/projects/lms2012/lms2012/source" -I"/home/al/am1808/DaVinci-PSP-SDK-03.20.00.13/linux-devkit/arm-none-linux-gnueabi/usr/include" -I"/home/al/projects/lms2012/c_input/source" -I"/home/al/projects/lms2012/c_output/source" -I"/home/al/projects/lms2012/c_memory/source" -I"/home/al/projects/lms2012/c_ui/source" -I"/home/al/projects/lms2012/c_com/source" -I"/home/al/projects/lms2012/c_sound/source" -O0 -Wall -c -fmessage-length=0 -MMD -MP -MF"source/c_timer.d" -MT"source/c_timer.d" -o"source/c_timer.o" "../source/c_timer.c"
Finished building: ../source/c_timer.c
 
Building file: ../source/lms2012.c
Invoking: GCC C Compiler
~/CodeSourcery/Sourcery_G++_Lite/bin/arm-none-linux-gnueabi-gcc -I"/home/al/projects/lms2012/lms2012/source" -I"/home/al/am1808/DaVinci-PSP-SDK-03.20.00.13/linux-devkit/arm-none-linux-gnueabi/usr/include" -I"/home/al/projects/lms2012/c_input/source" -I"/home/al/projects/lms2012/c_output/source" -I"/home/al/projects/lms2012/c_memory/source" -I"/home/al/projects/lms2012/c_ui/source" -I"/home/al/projects/lms2012/c_com/source" -I"/home/al/projects/lms2012/c_sound/source" -O0 -Wall -c -fmessage-length=0 -MMD -MP -MF"source/lms2012.d" -MT"source/lms2012.d" -o"source/lms2012.o" "../source/lms2012.c"
Finished building: ../source/lms2012.c
 
Building file: ../source/validate.c
Invoking: GCC C Compiler
~/CodeSourcery/Sourcery_G++_Lite/bin/arm-none-linux-gnueabi-gcc -I"/home/al/projects/lms2012/lms2012/source" -I"/home/al/am1808/DaVinci-PSP-SDK-03.20.00.13/linux-devkit/arm-none-linux-gnueabi/usr/include" -I"/home/al/projects/lms2012/c_input/source" -I"/home/al/projects/lms2012/c_output/source" -I"/home/al/projects/lms2012/c_memory/source" -I"/home/al/projects/lms2012/c_ui/source" -I"/home/al/projects/lms2012/c_com/source" -I"/home/al/projects/lms2012/c_sound/source" -O0 -Wall -c -fmessage-length=0 -MMD -MP -MF"source/validate.d" -MT"source/validate.d" -o"source/validate.o" "../source/validate.c"
Finished building: ../source/validate.c
 
Building target: lms2012
Invoking: GCC C Linker
~/CodeSourcery/Sourcery_G++_Lite/bin/arm-none-linux-gnueabi-gcc -L"/home/al/projects/lms2012/lms2012/Linux_AM1808/sys/lib" -L"/home/al/am1808/DaVinci-PSP-SDK-03.20.00.13/linux-devkit/arm-none-linux-gnueabi/usr/lib" -L~/CodeSourcery/Sourcery_G++_Lite/arm-none-linux-gnueabi/lib -o"lms2012"  ./source/c_branch.o ./source/c_compare.o ./source/c_math.o ./source/c_move.o ./source/c_timer.o ./source/lms2012.o ./source/validate.o   -lrt -lusb-1.0 -ldbus-1 -lbluetooth -lm -lc_sound -lc_output -lc_ui -lc_com -lc_input -lc_memory
Finished building target: lms2012
 
make --no-print-directory post-build
cp /home/al/projects/lms2012/lms2012/Linux_AM1808/lms2012 /home/al/projects/lms2012/lms2012/Linux_AM1808/sys/lms2012;cd /home/al/projects/lms2012/open_first;./am1808_run
 
